<?xml version="1.0" encoding="UTF-8"?>
<!-- Generated by org.testng.reporters.JUnitReportReporter -->
<testsuite skipped="0" hostname="Rakesh" name="com.api.tests.GivenScenarioTest" tests="4" failures="0" timestamp="2020-02-05T11:25:15 IST" time="14.188" errors="0">
  <testcase name="getAllPostsForGivenUser" time="0.564" classname="com.api.tests.GivenScenarioTest"/>
  <testcase name="searchForGivenUser" time="2.264" classname="com.api.tests.GivenScenarioTest"/>
  <testcase name="getUsersData" time="7.153" classname="com.api.tests.GivenScenarioTest"/>
  <testcase name="getCommentsForGivenPostsAndVerifyEmailFormat" time="4.207" classname="com.api.tests.GivenScenarioTest"/>
</testsuite> <!-- com.api.tests.GivenScenarioTest -->
